<?xml version="1.0" ?>
<coverage branch-rate="0" line-rate="0.9" timestamp="1487284143985" version="4.3.4">
	<!-- Generated by coverage.py: https://coverage.readthedocs.io -->
	<!-- Based on https://raw.githubusercontent.com/cobertura/web/f0366e5e2cf18f111cbd61fc34ef720a6584ba02/htdocs/xml/coverage-03.dtd -->
	<sources>
		<source>/home/ulysse/Documents/programmes/python-test-reporter/tests/fixtures</source>
	</sources>
	<packages>
		<package branch-rate="0" complexity="0" line-rate="0.9" name=".">
			<classes>
				<class branch-rate="0" complexity="0" filename="latin_1_source.py" line-rate="0.9" name="latin_1_source.py">
					<methods/>
					<lines>
						<line hits="1" number="5"/>
						<line hits="1" number="6"/>
						<line hits="1" number="7"/>
						<line hits="1" number="8"/>
						<line hits="1" number="10"/>
						<line hits="1" number="11"/>
						<line hits="1" number="13"/>
						<line hits="0" number="14"/>
						<line hits="1" number="16"/>
						<line hits="1" number="17"/>
					</lines>
				</class>
			</classes>
		</package>
	</packages>
</coverage>
